[0.017s] Invoking command in '/home/main/roki_ws/build/roki_gazebo': CMAKE_PREFIX_PATH=${CMAKE_PREFIX_PATH}:/home/main/circ_ws/install/circ_autonomy:/home/main/ros2_sablon_ws/install/temel_paket:/home/main/ika_ws/install/ika_bot_nodes:/home/main/real_rover_ws/install/rover_description:/home/main/real_rover_ws/install/rover_bringup:/home/main/real_rover_ws_gi/install/rover_kamera:/home/main/real_rover_ws_gi/install/gesture_control:/home/main/ros2_ws_tank/install/tank_bot_sim:/home/main/ros2_ws_5/install/vision_pkg:/home/main/ros2_ws_4/install/benim_ilk_paketim:/home/main/ros2_ws_1/install/lidar_py_pkg:/home/main/ros2_ws3/install/simple_py_pkg:/home/main/turtlesim_ws3/install/turtlesim_py_pkg:/opt/ros/humble /usr/bin/cmake /home/main/roki_ws/src/roki_gazebo -DCMAKE_INSTALL_PREFIX=/home/main/roki_ws/install/roki_gazebo
[0.133s] -- The C compiler identification is GNU 11.4.0
[0.221s] -- The CXX compiler identification is GNU 11.4.0
[0.235s] -- Detecting C compiler ABI info
[0.299s] -- Detecting C compiler ABI info - done
[0.305s] -- Check for working C compiler: /usr/lib/ccache/cc - skipped
[0.305s] -- Detecting C compile features
[0.305s] -- Detecting C compile features - done
[0.308s] -- Detecting CXX compiler ABI info
[0.382s] -- Detecting CXX compiler ABI info - done
[0.387s] -- Check for working CXX compiler: /usr/lib/ccache/c++ - skipped
[0.387s] -- Detecting CXX compile features
[0.387s] -- Detecting CXX compile features - done
[0.395s] -- Found ament_cmake: 1.3.14 (/opt/ros/humble/share/ament_cmake/cmake)
[0.581s] -- Found Python3: /usr/bin/python3 (found version "3.10.12") found components: Interpreter 
[0.723s] -- Found ament_lint_auto: 0.12.15 (/opt/ros/humble/share/ament_lint_auto/cmake)
[0.815s] -- Added test 'flake8' to check Python code syntax and style conventions
[0.816s] -- Added test 'lint_cmake' to check CMake code style
[0.817s] -- Added test 'pep257' to check Python code against some of the docstring style conventions in PEP 257
[0.819s] -- Added test 'xmllint' to check XML markup files
[0.820s] -- Configuring done
[0.823s] -- Generating done
[0.824s] -- Build files have been written to: /home/main/roki_ws/build/roki_gazebo
[0.828s] Invoked command in '/home/main/roki_ws/build/roki_gazebo' returned '0': CMAKE_PREFIX_PATH=${CMAKE_PREFIX_PATH}:/home/main/circ_ws/install/circ_autonomy:/home/main/ros2_sablon_ws/install/temel_paket:/home/main/ika_ws/install/ika_bot_nodes:/home/main/real_rover_ws/install/rover_description:/home/main/real_rover_ws/install/rover_bringup:/home/main/real_rover_ws_gi/install/rover_kamera:/home/main/real_rover_ws_gi/install/gesture_control:/home/main/ros2_ws_tank/install/tank_bot_sim:/home/main/ros2_ws_5/install/vision_pkg:/home/main/ros2_ws_4/install/benim_ilk_paketim:/home/main/ros2_ws_1/install/lidar_py_pkg:/home/main/ros2_ws3/install/simple_py_pkg:/home/main/turtlesim_ws3/install/turtlesim_py_pkg:/opt/ros/humble /usr/bin/cmake /home/main/roki_ws/src/roki_gazebo -DCMAKE_INSTALL_PREFIX=/home/main/roki_ws/install/roki_gazebo
[0.831s] Invoking command in '/home/main/roki_ws/build/roki_gazebo': CMAKE_PREFIX_PATH=${CMAKE_PREFIX_PATH}:/home/main/circ_ws/install/circ_autonomy:/home/main/ros2_sablon_ws/install/temel_paket:/home/main/ika_ws/install/ika_bot_nodes:/home/main/real_rover_ws/install/rover_description:/home/main/real_rover_ws/install/rover_bringup:/home/main/real_rover_ws_gi/install/rover_kamera:/home/main/real_rover_ws_gi/install/gesture_control:/home/main/ros2_ws_tank/install/tank_bot_sim:/home/main/ros2_ws_5/install/vision_pkg:/home/main/ros2_ws_4/install/benim_ilk_paketim:/home/main/ros2_ws_1/install/lidar_py_pkg:/home/main/ros2_ws3/install/simple_py_pkg:/home/main/turtlesim_ws3/install/turtlesim_py_pkg:/opt/ros/humble /usr/bin/cmake --build /home/main/roki_ws/build/roki_gazebo -- -j12 -l12
[0.879s] Invoked command in '/home/main/roki_ws/build/roki_gazebo' returned '0': CMAKE_PREFIX_PATH=${CMAKE_PREFIX_PATH}:/home/main/circ_ws/install/circ_autonomy:/home/main/ros2_sablon_ws/install/temel_paket:/home/main/ika_ws/install/ika_bot_nodes:/home/main/real_rover_ws/install/rover_description:/home/main/real_rover_ws/install/rover_bringup:/home/main/real_rover_ws_gi/install/rover_kamera:/home/main/real_rover_ws_gi/install/gesture_control:/home/main/ros2_ws_tank/install/tank_bot_sim:/home/main/ros2_ws_5/install/vision_pkg:/home/main/ros2_ws_4/install/benim_ilk_paketim:/home/main/ros2_ws_1/install/lidar_py_pkg:/home/main/ros2_ws3/install/simple_py_pkg:/home/main/turtlesim_ws3/install/turtlesim_py_pkg:/opt/ros/humble /usr/bin/cmake --build /home/main/roki_ws/build/roki_gazebo -- -j12 -l12
[0.891s] Invoking command in '/home/main/roki_ws/build/roki_gazebo': CMAKE_PREFIX_PATH=${CMAKE_PREFIX_PATH}:/home/main/circ_ws/install/circ_autonomy:/home/main/ros2_sablon_ws/install/temel_paket:/home/main/ika_ws/install/ika_bot_nodes:/home/main/real_rover_ws/install/rover_description:/home/main/real_rover_ws/install/rover_bringup:/home/main/real_rover_ws_gi/install/rover_kamera:/home/main/real_rover_ws_gi/install/gesture_control:/home/main/ros2_ws_tank/install/tank_bot_sim:/home/main/ros2_ws_5/install/vision_pkg:/home/main/ros2_ws_4/install/benim_ilk_paketim:/home/main/ros2_ws_1/install/lidar_py_pkg:/home/main/ros2_ws3/install/simple_py_pkg:/home/main/turtlesim_ws3/install/turtlesim_py_pkg:/opt/ros/humble /usr/bin/cmake --install /home/main/roki_ws/build/roki_gazebo
[0.901s] -- Install configuration: ""
[0.901s] -- Installing: /home/main/roki_ws/install/roki_gazebo/share/roki_gazebo/launch
[0.901s] -- Installing: /home/main/roki_ws/install/roki_gazebo/share/roki_gazebo/launch/gazebo.launch.py
[0.901s] -- Installing: /home/main/roki_ws/install/roki_gazebo/share/roki_gazebo/urdf
[0.901s] -- Installing: /home/main/roki_ws/install/roki_gazebo/share/roki_gazebo/urdf/roki.urdf
[0.901s] -- Installing: /home/main/roki_ws/install/roki_gazebo/share/roki_gazebo/worlds
[0.901s] -- Installing: /home/main/roki_ws/install/roki_gazebo/share/roki_gazebo/worlds/workbench.world
[0.901s] -- Installing: /home/main/roki_ws/install/roki_gazebo/lib/roki_gazebo/gazebo_camera_server.py
[0.901s] -- Installing: /home/main/roki_ws/install/roki_gazebo/share/ament_index/resource_index/package_run_dependencies/roki_gazebo
[0.901s] -- Installing: /home/main/roki_ws/install/roki_gazebo/share/ament_index/resource_index/parent_prefix_path/roki_gazebo
[0.901s] -- Installing: /home/main/roki_ws/install/roki_gazebo/share/roki_gazebo/environment/ament_prefix_path.sh
[0.902s] -- Installing: /home/main/roki_ws/install/roki_gazebo/share/roki_gazebo/environment/ament_prefix_path.dsv
[0.902s] -- Installing: /home/main/roki_ws/install/roki_gazebo/share/roki_gazebo/environment/path.sh
[0.902s] -- Installing: /home/main/roki_ws/install/roki_gazebo/share/roki_gazebo/environment/path.dsv
[0.902s] -- Installing: /home/main/roki_ws/install/roki_gazebo/share/roki_gazebo/local_setup.bash
[0.902s] -- Installing: /home/main/roki_ws/install/roki_gazebo/share/roki_gazebo/local_setup.sh
[0.902s] -- Installing: /home/main/roki_ws/install/roki_gazebo/share/roki_gazebo/local_setup.zsh
[0.902s] -- Installing: /home/main/roki_ws/install/roki_gazebo/share/roki_gazebo/local_setup.dsv
[0.902s] -- Installing: /home/main/roki_ws/install/roki_gazebo/share/roki_gazebo/package.dsv
[0.902s] -- Installing: /home/main/roki_ws/install/roki_gazebo/share/ament_index/resource_index/packages/roki_gazebo
[0.902s] -- Installing: /home/main/roki_ws/install/roki_gazebo/share/roki_gazebo/cmake/roki_gazeboConfig.cmake
[0.902s] -- Installing: /home/main/roki_ws/install/roki_gazebo/share/roki_gazebo/cmake/roki_gazeboConfig-version.cmake
[0.902s] -- Installing: /home/main/roki_ws/install/roki_gazebo/share/roki_gazebo/package.xml
[0.904s] Invoked command in '/home/main/roki_ws/build/roki_gazebo' returned '0': CMAKE_PREFIX_PATH=${CMAKE_PREFIX_PATH}:/home/main/circ_ws/install/circ_autonomy:/home/main/ros2_sablon_ws/install/temel_paket:/home/main/ika_ws/install/ika_bot_nodes:/home/main/real_rover_ws/install/rover_description:/home/main/real_rover_ws/install/rover_bringup:/home/main/real_rover_ws_gi/install/rover_kamera:/home/main/real_rover_ws_gi/install/gesture_control:/home/main/ros2_ws_tank/install/tank_bot_sim:/home/main/ros2_ws_5/install/vision_pkg:/home/main/ros2_ws_4/install/benim_ilk_paketim:/home/main/ros2_ws_1/install/lidar_py_pkg:/home/main/ros2_ws3/install/simple_py_pkg:/home/main/turtlesim_ws3/install/turtlesim_py_pkg:/opt/ros/humble /usr/bin/cmake --install /home/main/roki_ws/build/roki_gazebo
